Flow report for NeonFox_DE1
Tue May 17 09:13:00 2022
Quartus II 64-Bit Version 13.0.1 Build 232 06/12/2013 Service Pack 1 SJ Web Edition


---------------------
; Table of Contents ;
---------------------
  1. Legal Notice
  2. Flow Summary
  3. Flow Settings
  4. Flow Non-Default Global Settings
  5. Flow Elapsed Time
  6. Flow OS Summary
  7. Flow Log
  8. Flow Messages
  9. Flow Suppressed Messages



----------------
; Legal Notice ;
----------------
Copyright (C) 1991-2013 Altera Corporation
Your use of Altera Corporation's design tools, logic functions 
and other software and tools, and its AMPP partner logic 
functions, and any output files from any of the foregoing 
(including device programming or simulation files), and any 
associated documentation or information are expressly subject 
to the terms and conditions of the Altera Program License 
Subscription Agreement, Altera MegaCore Function License 
Agreement, or other applicable license agreement, including, 
without limitation, that your use is for the sole purpose of 
programming logic devices manufactured by Altera and sold by 
Altera or its authorized distributors.  Please refer to the 
applicable agreement for further details.



+--------------------------------------------------------------------------------------+
; Flow Summary                                                                         ;
+------------------------------------+-------------------------------------------------+
; Flow Status                        ; Successful - Tue May 17 09:13:00 2022           ;
; Quartus II 64-Bit Version          ; 13.0.1 Build 232 06/12/2013 SP 1 SJ Web Edition ;
; Revision Name                      ; NeonFox_DE1                                     ;
; Top-level Entity Name              ; NeonFox_PVP                                     ;
; Family                             ; Cyclone II                                      ;
; Device                             ; EP2C20F484C7                                    ;
; Timing Models                      ; Final                                           ;
; Total logic elements               ; 4,917 / 18,752 ( 26 % )                         ;
;     Total combinational functions  ; 3,904 / 18,752 ( 21 % )                         ;
;     Dedicated logic registers      ; 3,223 / 18,752 ( 17 % )                         ;
; Total registers                    ; 3223                                            ;
; Total pins                         ; 137 / 315 ( 43 % )                              ;
; Total virtual pins                 ; 0                                               ;
; Total memory bits                  ; 205,824 / 239,616 ( 86 % )                      ;
; Embedded Multiplier 9-bit elements ; 0 / 52 ( 0 % )                                  ;
; Total PLLs                         ; 1 / 4 ( 25 % )                                  ;
+------------------------------------+-------------------------------------------------+


+-----------------------------------------+
; Flow Settings                           ;
+-------------------+---------------------+
; Option            ; Setting             ;
+-------------------+---------------------+
; Start date & time ; 05/17/2022 09:11:43 ;
; Main task         ; Compilation         ;
; Revision Name     ; NeonFox_DE1         ;
+-------------------+---------------------+


+----------------------------------------------------------------------------------------------------------------------+
; Flow Non-Default Global Settings                                                                                     ;
+-------------------------------------+---------------------------------+---------------+-------------+----------------+
; Assignment Name                     ; Value                           ; Default Value ; Entity Name ; Section Id     ;
+-------------------------------------+---------------------------------+---------------+-------------+----------------+
; COMPILER_SIGNATURE_ID               ; 113780617491.165280030200652    ; --            ; --          ; --             ;
; EDA_OUTPUT_DATA_FORMAT              ; Systemverilog Hdl               ; --            ; --          ; eda_simulation ;
; EDA_SIMULATION_TOOL                 ; ModelSim-Altera (SystemVerilog) ; <None>        ; --          ; --             ;
; IP_TOOL_NAME                        ; ALTPLL                          ; --            ; --          ; --             ;
; IP_TOOL_NAME                        ; ROM: 1-PORT                     ; --            ; --          ; --             ;
; IP_TOOL_NAME                        ; ROM: 1-PORT                     ; --            ; --          ; --             ;
; IP_TOOL_NAME                        ; RAM: 2-PORT                     ; --            ; --          ; --             ;
; IP_TOOL_NAME                        ; RAM: 2-PORT                     ; --            ; --          ; --             ;
; IP_TOOL_NAME                        ; RAM: 2-PORT                     ; --            ; --          ; --             ;
; IP_TOOL_VERSION                     ; 13.0                            ; --            ; --          ; --             ;
; IP_TOOL_VERSION                     ; 13.0                            ; --            ; --          ; --             ;
; IP_TOOL_VERSION                     ; 13.0                            ; --            ; --          ; --             ;
; IP_TOOL_VERSION                     ; 13.0                            ; --            ; --          ; --             ;
; IP_TOOL_VERSION                     ; 13.0                            ; --            ; --          ; --             ;
; IP_TOOL_VERSION                     ; 13.0                            ; --            ; --          ; --             ;
; MAX_CORE_JUNCTION_TEMP              ; 85                              ; --            ; --          ; --             ;
; MIN_CORE_JUNCTION_TEMP              ; 0                               ; --            ; --          ; --             ;
; MISC_FILE                           ; PLL0.ppf                        ; --            ; --          ; --             ;
; OUTPUT_PIN_LOAD                     ; 2                               ; --            ; --          ; 3.3-V LVTTL    ;
; OUTPUT_PIN_LOAD                     ; 10                              ; --            ; --          ; 3.3-V PCI      ;
; OUTPUT_PIN_LOAD                     ; 10                              ; --            ; --          ; 3.3-V PCI-X    ;
; PARTITION_COLOR                     ; 16764057                        ; --            ; NeonFox_PVP ; Top            ;
; PARTITION_FITTER_PRESERVATION_LEVEL ; PLACEMENT_AND_ROUTING           ; --            ; NeonFox_PVP ; Top            ;
; PARTITION_NETLIST_TYPE              ; SOURCE                          ; --            ; NeonFox_PVP ; Top            ;
; PROJECT_OUTPUT_DIRECTORY            ; output_files                    ; --            ; --          ; --             ;
; TOP_LEVEL_ENTITY                    ; NeonFox_PVP                     ; NeonFox_DE1   ; --          ; --             ;
+-------------------------------------+---------------------------------+---------------+-------------+----------------+


+-------------------------------------------------------------------------------------------------------------------------------+
; Flow Elapsed Time                                                                                                             ;
+---------------------------+--------------+-------------------------+---------------------+------------------------------------+
; Module Name               ; Elapsed Time ; Average Processors Used ; Peak Virtual Memory ; Total CPU Time (on all processors) ;
+---------------------------+--------------+-------------------------+---------------------+------------------------------------+
; Analysis & Synthesis      ; 00:00:23     ; 1.0                     ; 509 MB              ; 00:00:23                           ;
; Fitter                    ; 00:00:35     ; 2.1                     ; 1347 MB             ; 00:00:56                           ;
; Assembler                 ; 00:00:03     ; 1.0                     ; 447 MB              ; 00:00:03                           ;
; TimeQuest Timing Analyzer ; 00:00:05     ; 1.0                     ; 530 MB              ; 00:00:05                           ;
; EDA Netlist Writer        ; 00:00:05     ; 1.0                     ; 454 MB              ; 00:00:05                           ;
; Total                     ; 00:01:11     ; --                      ; --                  ; 00:01:32                           ;
+---------------------------+--------------+-------------------------+---------------------+------------------------------------+


+----------------------------------------------------------------------------------------+
; Flow OS Summary                                                                        ;
+---------------------------+------------------+-----------+------------+----------------+
; Module Name               ; Machine Hostname ; OS Name   ; OS Version ; Processor type ;
+---------------------------+------------------+-----------+------------+----------------+
; Analysis & Synthesis      ; WIN-5N11DQU3IJO  ; Windows 7 ; 6.2        ; x86_64         ;
; Fitter                    ; WIN-5N11DQU3IJO  ; Windows 7 ; 6.2        ; x86_64         ;
; Assembler                 ; WIN-5N11DQU3IJO  ; Windows 7 ; 6.2        ; x86_64         ;
; TimeQuest Timing Analyzer ; WIN-5N11DQU3IJO  ; Windows 7 ; 6.2        ; x86_64         ;
; EDA Netlist Writer        ; WIN-5N11DQU3IJO  ; Windows 7 ; 6.2        ; x86_64         ;
+---------------------------+------------------+-----------+------------+----------------+


------------
; Flow Log ;
------------
quartus_map --read_settings_files=on --write_settings_files=off NeonFox_DE1 -c NeonFox_DE1
quartus_fit --read_settings_files=off --write_settings_files=off NeonFox_DE1 -c NeonFox_DE1
quartus_asm --read_settings_files=off --write_settings_files=off NeonFox_DE1 -c NeonFox_DE1
quartus_sta NeonFox_DE1 -c NeonFox_DE1
quartus_eda --read_settings_files=off --write_settings_files=off NeonFox_DE1 -c NeonFox_DE1



